android/app/build/intermediates/manifest_merge_blame_file/debug/processDebugMainManifest/manifest-merger-blame-debug-report.txt
1<?xml version="1.0" encoding="utf-8"?>
2<manifest xmlns:android="http://schemas.android.com/apk/res/android"
3    package="com.reactcapsone"
4    android:versionCode="1"
5    android:versionName="1.0" >
6
7    <uses-sdk
8        android:minSdkVersion="23"
9        android:targetSdkVersion="35" />
10
11    <uses-permission android:name="android.permission.INTERNET" />
11-->src\main\AndroidManifest.xml:3:5-67
11-->src\main\AndroidManifest.xml:3:22-64
12    <uses-permission android:name="android.permission.CAMERA" />
12-->src\main\AndroidManifest.xml:4:5-65
12-->src\main\AndroidManifest.xml:4:22-62
13    <uses-permission android:name="android.permission.READ_EXTERNAL_STORAGE" />
13-->src\main\AndroidManifest.xml:5:5-80
13-->src\main\AndroidManifest.xml:5:22-77
14    <uses-permission android:name="android.permission.READ_MEDIA_IMAGES" />
14-->src\main\AndroidManifest.xml:6:5-76
14-->src\main\AndroidManifest.xml:6:22-73
15    <uses-permission android:name="android.permission.WRITE_EXTERNAL_STORAGE" />
15-->src\main\AndroidManifest.xml:7:5-81
15-->src\main\AndroidManifest.xml:7:22-78
16    <uses-permission
16-->src\main\AndroidManifest.xml:10:5-67
17        android:name="android.permission.BLUETOOTH"
17-->src\main\AndroidManifest.xml:10:22-65
18        android:maxSdkVersion="30" />
18-->[com.polidea.rxandroidble2:rxandroidble:1.17.2] AndroidManifest.xml:12:9-35
19    <uses-permission
19-->src\main\AndroidManifest.xml:11:5-73
20        android:name="android.permission.BLUETOOTH_ADMIN"
20-->src\main\AndroidManifest.xml:11:22-71
21        android:maxSdkVersion="30" />
21-->[com.polidea.rxandroidble2:rxandroidble:1.17.2] AndroidManifest.xml:15:9-35
22    <uses-permission android:name="android.permission.ACCESS_FINE_LOCATION" />
22-->src\main\AndroidManifest.xml:12:5-78
22-->src\main\AndroidManifest.xml:12:22-76
23    <uses-permission android:name="android.permission.ACCESS_COARSE_LOCATION" /> <!-- Required for Android 12 and above -->
23-->src\main\AndroidManifest.xml:13:5-81
23-->src\main\AndroidManifest.xml:13:22-78
24    <uses-permission
24-->src\main\AndroidManifest.xml:15:5-73
25        android:name="android.permission.BLUETOOTH_SCAN"
25-->src\main\AndroidManifest.xml:15:22-70
26        android:usesPermissionFlags="neverForLocation" />
26-->[com.polidea.rxandroidble2:rxandroidble:1.17.2] AndroidManifest.xml:24:9-55
27    <uses-permission android:name="android.permission.BLUETOOTH_CONNECT" />
27-->src\main\AndroidManifest.xml:16:5-76
27-->src\main\AndroidManifest.xml:16:22-73
28    <uses-permission android:name="android.permission.BLUETOOTH_ADVERTISE" /> <!-- Required for background usage -->
28-->src\main\AndroidManifest.xml:17:5-78
28-->src\main\AndroidManifest.xml:17:22-75
29    <uses-permission android:name="android.permission.BLUETOOTH_PRIVILEGED" />
29-->src\main\AndroidManifest.xml:20:5-78
29-->src\main\AndroidManifest.xml:20:22-76
30
31    <uses-feature
31-->src\main\AndroidManifest.xml:21:5-85
32        android:name="android.hardware.camera"
32-->src\main\AndroidManifest.xml:21:19-57
33        android:required="false" />
33-->src\main\AndroidManifest.xml:21:58-82
34    <!--
35    This manifest file is used only by Gradle to configure debug-only capabilities
36    for React Native Apps.
37    -->
38    <uses-permission android:name="android.permission.SYSTEM_ALERT_WINDOW" />
38-->[com.facebook.react:react-android:0.75.3] AndroidManifest.xml:16:5-78
38-->[com.facebook.react:react-android:0.75.3] AndroidManifest.xml:16:22-75
39
40    <queries>
40-->[androidx.camera:camera-extensions:1.5.0-alpha01] AndroidManifest.xml:22:5-26:15
41        <intent>
41-->[androidx.camera:camera-extensions:1.5.0-alpha01] AndroidManifest.xml:23:9-25:18
42            <action android:name="androidx.camera.extensions.action.VENDOR_ACTION" />
42-->[androidx.camera:camera-extensions:1.5.0-alpha01] AndroidManifest.xml:24:13-86
42-->[androidx.camera:camera-extensions:1.5.0-alpha01] AndroidManifest.xml:24:21-83
43        </intent>
44        <!-- Needs to be explicitly declared on Android R+ -->
45        <package android:name="com.google.android.apps.maps" />
45-->[com.google.android.gms:play-services-maps:18.2.0] AndroidManifest.xml:33:9-64
45-->[com.google.android.gms:play-services-maps:18.2.0] AndroidManifest.xml:33:18-61
46    </queries> <!-- Include required permissions for Google Maps API to run. -->
47    <uses-permission android:name="android.permission.ACCESS_NETWORK_STATE" />
47-->[com.google.android.gms:play-services-maps:18.2.0] AndroidManifest.xml:23:5-79
47-->[com.google.android.gms:play-services-maps:18.2.0] AndroidManifest.xml:23:22-76
48
49    <uses-feature
49-->[com.google.android.gms:play-services-maps:18.2.0] AndroidManifest.xml:26:5-28:35
50        android:glEsVersion="0x00020000"
50-->[com.google.android.gms:play-services-maps:18.2.0] AndroidManifest.xml:27:9-41
51        android:required="true" />
51-->[com.google.android.gms:play-services-maps:18.2.0] AndroidManifest.xml:28:9-32
52
53    <uses-permission android:name="android.permission.WAKE_LOCK" />
53-->[androidx.work:work-runtime:2.7.1] AndroidManifest.xml:25:5-68
53-->[androidx.work:work-runtime:2.7.1] AndroidManifest.xml:25:22-65
54    <uses-permission android:name="android.permission.RECEIVE_BOOT_COMPLETED" />
54-->[androidx.work:work-runtime:2.7.1] AndroidManifest.xml:27:5-81
54-->[androidx.work:work-runtime:2.7.1] AndroidManifest.xml:27:22-78
55    <uses-permission android:name="android.permission.FOREGROUND_SERVICE" />
55-->[androidx.work:work-runtime:2.7.1] AndroidManifest.xml:28:5-77
55-->[androidx.work:work-runtime:2.7.1] AndroidManifest.xml:28:22-74
56
57    <permission
57-->[androidx.core:core:1.9.0] AndroidManifest.xml:22:5-24:47
58        android:name="com.reactcapsone.DYNAMIC_RECEIVER_NOT_EXPORTED_PERMISSION"
58-->[androidx.core:core:1.9.0] AndroidManifest.xml:23:9-81
59        android:protectionLevel="signature" />
59-->[androidx.core:core:1.9.0] AndroidManifest.xml:24:9-44
60
61    <uses-permission android:name="com.reactcapsone.DYNAMIC_RECEIVER_NOT_EXPORTED_PERMISSION" /> <!-- required for API 23 - 30, no android:maxSdkVersion because of a potential breaking change -->
61-->[androidx.core:core:1.9.0] AndroidManifest.xml:26:5-97
61-->[androidx.core:core:1.9.0] AndroidManifest.xml:26:22-94
62    <!-- TODO: add android:maxSdkVersion on 2.0.0 -->
63    <uses-permission-sdk-23 android:name="android.permission.ACCESS_COARSE_LOCATION" />
63-->[com.polidea.rxandroidble2:rxandroidble:1.17.2] AndroidManifest.xml:18:5-88
63-->[com.polidea.rxandroidble2:rxandroidble:1.17.2] AndroidManifest.xml:18:29-85
64    <uses-permission-sdk-23 android:name="android.permission.ACCESS_FINE_LOCATION" />
64-->[com.polidea.rxandroidble2:rxandroidble:1.17.2] AndroidManifest.xml:19:5-86
64-->[com.polidea.rxandroidble2:rxandroidble:1.17.2] AndroidManifest.xml:19:29-83
65
66    <application
66-->src\main\AndroidManifest.xml:22:5-42:19
67        android:name="com.reactcapsone.MainApplication"
67-->src\main\AndroidManifest.xml:23:7-38
68        android:allowBackup="false"
68-->src\main\AndroidManifest.xml:27:7-34
69        android:appComponentFactory="androidx.core.app.CoreComponentFactory"
69-->[androidx.core:core:1.9.0] AndroidManifest.xml:28:18-86
70        android:debuggable="true"
71        android:extractNativeLibs="false"
72        android:icon="@mipmap/ic_launcher"
72-->src\main\AndroidManifest.xml:25:7-41
73        android:label="@string/app_name"
73-->src\main\AndroidManifest.xml:24:7-39
74        android:roundIcon="@mipmap/ic_launcher_round"
74-->src\main\AndroidManifest.xml:26:7-52
75        android:supportsRtl="true"
75-->src\main\AndroidManifest.xml:29:7-33
76        android:theme="@style/BootTheme"
76-->src\main\AndroidManifest.xml:28:7-39
77        android:usesCleartextTraffic="true" >
77-->src\debug\AndroidManifest.xml:6:9-44
78        <activity
78-->src\main\AndroidManifest.xml:30:7-41:18
79            android:name="com.reactcapsone.MainActivity"
79-->src\main\AndroidManifest.xml:31:9-37
80            android:configChanges="keyboard|keyboardHidden|orientation|screenLayout|screenSize|smallestScreenSize|uiMode"
80-->src\main\AndroidManifest.xml:33:9-118
81            android:exported="true"
81-->src\main\AndroidManifest.xml:36:9-32
82            android:label="@string/app_name"
82-->src\main\AndroidManifest.xml:32:9-41
83            android:launchMode="singleTask"
83-->src\main\AndroidManifest.xml:34:9-40
84            android:windowSoftInputMode="adjustResize" >
84-->src\main\AndroidManifest.xml:35:9-51
85            <intent-filter>
85-->src\main\AndroidManifest.xml:37:9-40:25
86                <action android:name="android.intent.action.MAIN" />
86-->src\main\AndroidManifest.xml:38:13-65
86-->src\main\AndroidManifest.xml:38:21-62
87
88                <category android:name="android.intent.category.LAUNCHER" />
88-->src\main\AndroidManifest.xml:39:13-73
88-->src\main\AndroidManifest.xml:39:23-70
89            </intent-filter>
90        </activity>
91
92        <provider
92-->[:react-native-image-picker] AndroidManifest.xml:8:9-16:20
93            android:name="com.imagepicker.ImagePickerProvider"
93-->[:react-native-image-picker] AndroidManifest.xml:9:13-63
94            android:authorities="com.reactcapsone.imagepickerprovider"
94-->[:react-native-image-picker] AndroidManifest.xml:10:13-71
95            android:exported="false"
95-->[:react-native-image-picker] AndroidManifest.xml:11:13-37
96            android:grantUriPermissions="true" >
96-->[:react-native-image-picker] AndroidManifest.xml:12:13-47
97            <meta-data
97-->[:react-native-image-picker] AndroidManifest.xml:13:13-15:70
98                android:name="android.support.FILE_PROVIDER_PATHS"
98-->[:react-native-image-picker] AndroidManifest.xml:14:17-67
99                android:resource="@xml/imagepicker_provider_paths" />
99-->[:react-native-image-picker] AndroidManifest.xml:15:17-67
100        </provider>
101
102        <activity
102-->[com.facebook.react:react-android:0.75.3] AndroidManifest.xml:19:9-21:40
103            android:name="com.facebook.react.devsupport.DevSettingsActivity"
103-->[com.facebook.react:react-android:0.75.3] AndroidManifest.xml:20:13-77
104            android:exported="false" />
104-->[com.facebook.react:react-android:0.75.3] AndroidManifest.xml:21:13-37
105
106        <uses-library
106-->[androidx.camera:camera-extensions:1.5.0-alpha01] AndroidManifest.xml:29:9-31:40
107            android:name="androidx.camera.extensions.impl"
107-->[androidx.camera:camera-extensions:1.5.0-alpha01] AndroidManifest.xml:30:13-59
108            android:required="false" />
108-->[androidx.camera:camera-extensions:1.5.0-alpha01] AndroidManifest.xml:31:13-37
109
110        <service
110-->[androidx.camera:camera-camera2:1.5.0-alpha01] AndroidManifest.xml:24:9-33:19
111            android:name="androidx.camera.core.impl.MetadataHolderService"
111-->[androidx.camera:camera-camera2:1.5.0-alpha01] AndroidManifest.xml:25:13-75
112            android:enabled="false"
112-->[androidx.camera:camera-camera2:1.5.0-alpha01] AndroidManifest.xml:26:13-36
113            android:exported="false" >
113-->[androidx.camera:camera-camera2:1.5.0-alpha01] AndroidManifest.xml:27:13-37
114            <meta-data
114-->[androidx.camera:camera-camera2:1.5.0-alpha01] AndroidManifest.xml:30:13-32:89
115                android:name="androidx.camera.core.impl.MetadataHolderService.DEFAULT_CONFIG_PROVIDER"
115-->[androidx.camera:camera-camera2:1.5.0-alpha01] AndroidManifest.xml:31:17-103
116                android:value="androidx.camera.camera2.Camera2Config$DefaultProvider" />
116-->[androidx.camera:camera-camera2:1.5.0-alpha01] AndroidManifest.xml:32:17-86
117        </service>
118
119        <meta-data
119-->[com.google.maps.android:android-maps-utils:3.8.2] AndroidManifest.xml:8:9-10:69
120            android:name="com.google.android.gms.version"
120-->[com.google.maps.android:android-maps-utils:3.8.2] AndroidManifest.xml:9:13-58
121            android:value="@integer/google_play_services_version" /> <!-- Needs to be explicitly declared on P+ -->
121-->[com.google.maps.android:android-maps-utils:3.8.2] AndroidManifest.xml:10:13-66
122        <uses-library
122-->[com.google.android.gms:play-services-maps:18.2.0] AndroidManifest.xml:39:9-41:40
123            android:name="org.apache.http.legacy"
123-->[com.google.android.gms:play-services-maps:18.2.0] AndroidManifest.xml:40:13-50
124            android:required="false" />
124-->[com.google.android.gms:play-services-maps:18.2.0] AndroidManifest.xml:41:13-37
125
126        <service
126-->[com.google.android.gms:play-services-mlkit-barcode-scanning:18.3.1] AndroidManifest.xml:9:9-15:19
127            android:name="com.google.mlkit.common.internal.MlKitComponentDiscoveryService"
127-->[com.google.android.gms:play-services-mlkit-barcode-scanning:18.3.1] AndroidManifest.xml:10:13-91
128            android:directBootAware="true"
128-->[com.google.mlkit:common:18.11.0] AndroidManifest.xml:17:13-43
129            android:exported="false" >
129-->[com.google.android.gms:play-services-mlkit-barcode-scanning:18.3.1] AndroidManifest.xml:11:13-37
130            <meta-data
130-->[com.google.android.gms:play-services-mlkit-barcode-scanning:18.3.1] AndroidManifest.xml:12:13-14:85
131                android:name="com.google.firebase.components:com.google.mlkit.vision.barcode.internal.BarcodeRegistrar"
131-->[com.google.android.gms:play-services-mlkit-barcode-scanning:18.3.1] AndroidManifest.xml:13:17-120
132                android:value="com.google.firebase.components.ComponentRegistrar" />
132-->[com.google.android.gms:play-services-mlkit-barcode-scanning:18.3.1] AndroidManifest.xml:14:17-82
133            <meta-data
133-->[com.google.mlkit:vision-common:17.3.0] AndroidManifest.xml:12:13-14:85
134                android:name="com.google.firebase.components:com.google.mlkit.vision.common.internal.VisionCommonRegistrar"
134-->[com.google.mlkit:vision-common:17.3.0] AndroidManifest.xml:13:17-124
135                android:value="com.google.firebase.components.ComponentRegistrar" />
135-->[com.google.mlkit:vision-common:17.3.0] AndroidManifest.xml:14:17-82
136            <meta-data
136-->[com.google.mlkit:common:18.11.0] AndroidManifest.xml:20:13-22:85
137                android:name="com.google.firebase.components:com.google.mlkit.common.internal.CommonComponentRegistrar"
137-->[com.google.mlkit:common:18.11.0] AndroidManifest.xml:21:17-120
138                android:value="com.google.firebase.components.ComponentRegistrar" />
138-->[com.google.mlkit:common:18.11.0] AndroidManifest.xml:22:17-82
139        </service>
140
141        <provider
141-->[com.google.mlkit:common:18.11.0] AndroidManifest.xml:9:9-13:38
142            android:name="com.google.mlkit.common.internal.MlKitInitProvider"
142-->[com.google.mlkit:common:18.11.0] AndroidManifest.xml:10:13-78
143            android:authorities="com.reactcapsone.mlkitinitprovider"
143-->[com.google.mlkit:common:18.11.0] AndroidManifest.xml:11:13-69
144            android:exported="false"
144-->[com.google.mlkit:common:18.11.0] AndroidManifest.xml:12:13-37
145            android:initOrder="99" />
145-->[com.google.mlkit:common:18.11.0] AndroidManifest.xml:13:13-35
146
147        <activity
147-->[com.google.android.gms:play-services-base:18.5.0] AndroidManifest.xml:5:9-173
148            android:name="com.google.android.gms.common.api.GoogleApiActivity"
148-->[com.google.android.gms:play-services-base:18.5.0] AndroidManifest.xml:5:19-85
149            android:exported="false"
149-->[com.google.android.gms:play-services-base:18.5.0] AndroidManifest.xml:5:146-170
150            android:theme="@android:style/Theme.Translucent.NoTitleBar" />
150-->[com.google.android.gms:play-services-base:18.5.0] AndroidManifest.xml:5:86-145
151
152        <provider
152-->[androidx.work:work-runtime:2.7.1] AndroidManifest.xml:31:9-39:20
153            android:name="androidx.startup.InitializationProvider"
153-->[androidx.work:work-runtime:2.7.1] AndroidManifest.xml:32:13-67
154            android:authorities="com.reactcapsone.androidx-startup"
154-->[androidx.work:work-runtime:2.7.1] AndroidManifest.xml:33:13-68
155            android:exported="false" >
155-->[androidx.work:work-runtime:2.7.1] AndroidManifest.xml:34:13-37
156            <meta-data
156-->[androidx.work:work-runtime:2.7.1] AndroidManifest.xml:36:13-38:52
157                android:name="androidx.work.WorkManagerInitializer"
157-->[androidx.work:work-runtime:2.7.1] AndroidManifest.xml:37:17-68
158                android:value="androidx.startup" />
158-->[androidx.work:work-runtime:2.7.1] AndroidManifest.xml:38:17-49
159            <meta-data
159-->[androidx.emoji2:emoji2:1.2.0] AndroidManifest.xml:29:13-31:52
160                android:name="androidx.emoji2.text.EmojiCompatInitializer"
160-->[androidx.emoji2:emoji2:1.2.0] AndroidManifest.xml:30:17-75
161                android:value="androidx.startup" />
161-->[androidx.emoji2:emoji2:1.2.0] AndroidManifest.xml:31:17-49
162            <meta-data
162-->[androidx.lifecycle:lifecycle-process:2.4.1] AndroidManifest.xml:31:13-33:52
163                android:name="androidx.lifecycle.ProcessLifecycleInitializer"
163-->[androidx.lifecycle:lifecycle-process:2.4.1] AndroidManifest.xml:32:17-78
164                android:value="androidx.startup" />
164-->[androidx.lifecycle:lifecycle-process:2.4.1] AndroidManifest.xml:33:17-49
165        </provider>
166
167        <service
167-->[androidx.work:work-runtime:2.7.1] AndroidManifest.xml:41:9-46:35
168            android:name="androidx.work.impl.background.systemalarm.SystemAlarmService"
168-->[androidx.work:work-runtime:2.7.1] AndroidManifest.xml:42:13-88
169            android:directBootAware="false"
169-->[androidx.work:work-runtime:2.7.1] AndroidManifest.xml:43:13-44
170            android:enabled="@bool/enable_system_alarm_service_default"
170-->[androidx.work:work-runtime:2.7.1] AndroidManifest.xml:44:13-72
171            android:exported="false" />
171-->[androidx.work:work-runtime:2.7.1] AndroidManifest.xml:45:13-37
172        <service
172-->[androidx.work:work-runtime:2.7.1] AndroidManifest.xml:47:9-53:35
173            android:name="androidx.work.impl.background.systemjob.SystemJobService"
173-->[androidx.work:work-runtime:2.7.1] AndroidManifest.xml:48:13-84
174            android:directBootAware="false"
174-->[androidx.work:work-runtime:2.7.1] AndroidManifest.xml:49:13-44
175            android:enabled="@bool/enable_system_job_service_default"
175-->[androidx.work:work-runtime:2.7.1] AndroidManifest.xml:50:13-70
176            android:exported="true"
176-->[androidx.work:work-runtime:2.7.1] AndroidManifest.xml:51:13-36
177            android:permission="android.permission.BIND_JOB_SERVICE" />
177-->[androidx.work:work-runtime:2.7.1] AndroidManifest.xml:52:13-69
178        <service
178-->[androidx.work:work-runtime:2.7.1] AndroidManifest.xml:54:9-59:35
179            android:name="androidx.work.impl.foreground.SystemForegroundService"
179-->[androidx.work:work-runtime:2.7.1] AndroidManifest.xml:55:13-81
180            android:directBootAware="false"
180-->[androidx.work:work-runtime:2.7.1] AndroidManifest.xml:56:13-44
181            android:enabled="@bool/enable_system_foreground_service_default"
181-->[androidx.work:work-runtime:2.7.1] AndroidManifest.xml:57:13-77
182            android:exported="false" />
182-->[androidx.work:work-runtime:2.7.1] AndroidManifest.xml:58:13-37
183
184        <receiver
184-->[androidx.work:work-runtime:2.7.1] AndroidManifest.xml:61:9-66:35
185            android:name="androidx.work.impl.utils.ForceStopRunnable$BroadcastReceiver"
185-->[androidx.work:work-runtime:2.7.1] AndroidManifest.xml:62:13-88
186            android:directBootAware="false"
186-->[androidx.work:work-runtime:2.7.1] AndroidManifest.xml:63:13-44
187            android:enabled="true"
187-->[androidx.work:work-runtime:2.7.1] AndroidManifest.xml:64:13-35
188            android:exported="false" />
188-->[androidx.work:work-runtime:2.7.1] AndroidManifest.xml:65:13-37
189        <receiver
189-->[androidx.work:work-runtime:2.7.1] AndroidManifest.xml:67:9-77:20
190            android:name="androidx.work.impl.background.systemalarm.ConstraintProxy$BatteryChargingProxy"
190-->[androidx.work:work-runtime:2.7.1] AndroidManifest.xml:68:13-106
191            android:directBootAware="false"
191-->[androidx.work:work-runtime:2.7.1] AndroidManifest.xml:69:13-44
192            android:enabled="false"
192-->[androidx.work:work-runtime:2.7.1] AndroidManifest.xml:70:13-36
193            android:exported="false" >
193-->[androidx.work:work-runtime:2.7.1] AndroidManifest.xml:71:13-37
194            <intent-filter>
194-->[androidx.work:work-runtime:2.7.1] AndroidManifest.xml:73:13-76:29
195                <action android:name="android.intent.action.ACTION_POWER_CONNECTED" />
195-->[androidx.work:work-runtime:2.7.1] AndroidManifest.xml:74:17-87
195-->[androidx.work:work-runtime:2.7.1] AndroidManifest.xml:74:25-84
196                <action android:name="android.intent.action.ACTION_POWER_DISCONNECTED" />
196-->[androidx.work:work-runtime:2.7.1] AndroidManifest.xml:75:17-90
196-->[androidx.work:work-runtime:2.7.1] AndroidManifest.xml:75:25-87
197            </intent-filter>
198        </receiver>
199        <receiver
199-->[androidx.work:work-runtime:2.7.1] AndroidManifest.xml:78:9-88:20
200            android:name="androidx.work.impl.background.systemalarm.ConstraintProxy$BatteryNotLowProxy"
200-->[androidx.work:work-runtime:2.7.1] AndroidManifest.xml:79:13-104
201            android:directBootAware="false"
201-->[androidx.work:work-runtime:2.7.1] AndroidManifest.xml:80:13-44
202            android:enabled="false"
202-->[androidx.work:work-runtime:2.7.1] AndroidManifest.xml:81:13-36
203            android:exported="false" >
203-->[androidx.work:work-runtime:2.7.1] AndroidManifest.xml:82:13-37
204            <intent-filter>
204-->[androidx.work:work-runtime:2.7.1] AndroidManifest.xml:84:13-87:29
205                <action android:name="android.intent.action.BATTERY_OKAY" />
205-->[androidx.work:work-runtime:2.7.1] AndroidManifest.xml:85:17-77
205-->[androidx.work:work-runtime:2.7.1] AndroidManifest.xml:85:25-74
206                <action android:name="android.intent.action.BATTERY_LOW" />
206-->[androidx.work:work-runtime:2.7.1] AndroidManifest.xml:86:17-76
206-->[androidx.work:work-runtime:2.7.1] AndroidManifest.xml:86:25-73
207            </intent-filter>
208        </receiver>
209        <receiver
209-->[androidx.work:work-runtime:2.7.1] AndroidManifest.xml:89:9-99:20
210            android:name="androidx.work.impl.background.systemalarm.ConstraintProxy$StorageNotLowProxy"
210-->[androidx.work:work-runtime:2.7.1] AndroidManifest.xml:90:13-104
211            android:directBootAware="false"
211-->[androidx.work:work-runtime:2.7.1] AndroidManifest.xml:91:13-44
212            android:enabled="false"
212-->[androidx.work:work-runtime:2.7.1] AndroidManifest.xml:92:13-36
213            android:exported="false" >
213-->[androidx.work:work-runtime:2.7.1] AndroidManifest.xml:93:13-37
214            <intent-filter>
214-->[androidx.work:work-runtime:2.7.1] AndroidManifest.xml:95:13-98:29
215                <action android:name="android.intent.action.DEVICE_STORAGE_LOW" />
215-->[androidx.work:work-runtime:2.7.1] AndroidManifest.xml:96:17-83
215-->[androidx.work:work-runtime:2.7.1] AndroidManifest.xml:96:25-80
216                <action android:name="android.intent.action.DEVICE_STORAGE_OK" />
216-->[androidx.work:work-runtime:2.7.1] AndroidManifest.xml:97:17-82
216-->[androidx.work:work-runtime:2.7.1] AndroidManifest.xml:97:25-79
217            </intent-filter>
218        </receiver>
219        <receiver
219-->[androidx.work:work-runtime:2.7.1] AndroidManifest.xml:100:9-109:20
220            android:name="androidx.work.impl.background.systemalarm.ConstraintProxy$NetworkStateProxy"
220-->[androidx.work:work-runtime:2.7.1] AndroidManifest.xml:101:13-103
221            android:directBootAware="false"
221-->[androidx.work:work-runtime:2.7.1] AndroidManifest.xml:102:13-44
222            android:enabled="false"
222-->[androidx.work:work-runtime:2.7.1] AndroidManifest.xml:103:13-36
223            android:exported="false" >
223-->[androidx.work:work-runtime:2.7.1] AndroidManifest.xml:104:13-37
224            <intent-filter>
224-->[androidx.work:work-runtime:2.7.1] AndroidManifest.xml:106:13-108:29
225                <action android:name="android.net.conn.CONNECTIVITY_CHANGE" />
225-->[androidx.work:work-runtime:2.7.1] AndroidManifest.xml:107:17-79
225-->[androidx.work:work-runtime:2.7.1] AndroidManifest.xml:107:25-76
226            </intent-filter>
227        </receiver>
228        <receiver
228-->[androidx.work:work-runtime:2.7.1] AndroidManifest.xml:110:9-121:20
229            android:name="androidx.work.impl.background.systemalarm.RescheduleReceiver"
229-->[androidx.work:work-runtime:2.7.1] AndroidManifest.xml:111:13-88
230            android:directBootAware="false"
230-->[androidx.work:work-runtime:2.7.1] AndroidManifest.xml:112:13-44
231            android:enabled="false"
231-->[androidx.work:work-runtime:2.7.1] AndroidManifest.xml:113:13-36
232            android:exported="false" >
232-->[androidx.work:work-runtime:2.7.1] AndroidManifest.xml:114:13-37
233            <intent-filter>
233-->[androidx.work:work-runtime:2.7.1] AndroidManifest.xml:116:13-120:29
234                <action android:name="android.intent.action.BOOT_COMPLETED" />
234-->[androidx.work:work-runtime:2.7.1] AndroidManifest.xml:117:17-79
234-->[androidx.work:work-runtime:2.7.1] AndroidManifest.xml:117:25-76
235                <action android:name="android.intent.action.TIME_SET" />
235-->[androidx.work:work-runtime:2.7.1] AndroidManifest.xml:118:17-73
235-->[androidx.work:work-runtime:2.7.1] AndroidManifest.xml:118:25-70
236                <action android:name="android.intent.action.TIMEZONE_CHANGED" />
236-->[androidx.work:work-runtime:2.7.1] AndroidManifest.xml:119:17-81
236-->[androidx.work:work-runtime:2.7.1] AndroidManifest.xml:119:25-78
237            </intent-filter>
238        </receiver>
239        <receiver
239-->[androidx.work:work-runtime:2.7.1] AndroidManifest.xml:122:9-131:20
240            android:name="androidx.work.impl.background.systemalarm.ConstraintProxyUpdateReceiver"
240-->[androidx.work:work-runtime:2.7.1] AndroidManifest.xml:123:13-99
241            android:directBootAware="false"
241-->[androidx.work:work-runtime:2.7.1] AndroidManifest.xml:124:13-44
242            android:enabled="@bool/enable_system_alarm_service_default"
242-->[androidx.work:work-runtime:2.7.1] AndroidManifest.xml:125:13-72
243            android:exported="false" >
243-->[androidx.work:work-runtime:2.7.1] AndroidManifest.xml:126:13-37
244            <intent-filter>
244-->[androidx.work:work-runtime:2.7.1] AndroidManifest.xml:128:13-130:29
245                <action android:name="androidx.work.impl.background.systemalarm.UpdateProxies" />
245-->[androidx.work:work-runtime:2.7.1] AndroidManifest.xml:129:17-98
245-->[androidx.work:work-runtime:2.7.1] AndroidManifest.xml:129:25-95
246            </intent-filter>
247        </receiver>
248        <receiver
248-->[androidx.work:work-runtime:2.7.1] AndroidManifest.xml:132:9-142:20
249            android:name="androidx.work.impl.diagnostics.DiagnosticsReceiver"
249-->[androidx.work:work-runtime:2.7.1] AndroidManifest.xml:133:13-78
250            android:directBootAware="false"
250-->[androidx.work:work-runtime:2.7.1] AndroidManifest.xml:134:13-44
251            android:enabled="true"
251-->[androidx.work:work-runtime:2.7.1] AndroidManifest.xml:135:13-35
252            android:exported="true"
252-->[androidx.work:work-runtime:2.7.1] AndroidManifest.xml:136:13-36
253            android:permission="android.permission.DUMP" >
253-->[androidx.work:work-runtime:2.7.1] AndroidManifest.xml:137:13-57
254            <intent-filter>
254-->[androidx.work:work-runtime:2.7.1] AndroidManifest.xml:139:13-141:29
255                <action android:name="androidx.work.diagnostics.REQUEST_DIAGNOSTICS" />
255-->[androidx.work:work-runtime:2.7.1] AndroidManifest.xml:140:17-88
255-->[androidx.work:work-runtime:2.7.1] AndroidManifest.xml:140:25-85
256            </intent-filter>
257        </receiver>
258
259        <service
259-->[com.google.android.datatransport:transport-backend-cct:2.3.3] AndroidManifest.xml:29:9-35:19
260            android:name="com.google.android.datatransport.runtime.backends.TransportBackendDiscovery"
260-->[com.google.android.datatransport:transport-backend-cct:2.3.3] AndroidManifest.xml:30:13-103
261            android:exported="false" >
261-->[com.google.android.datatransport:transport-backend-cct:2.3.3] AndroidManifest.xml:31:13-37
262            <meta-data
262-->[com.google.android.datatransport:transport-backend-cct:2.3.3] AndroidManifest.xml:32:13-34:39
263                android:name="backend:com.google.android.datatransport.cct.CctBackendFactory"
263-->[com.google.android.datatransport:transport-backend-cct:2.3.3] AndroidManifest.xml:33:17-94
264                android:value="cct" />
264-->[com.google.android.datatransport:transport-backend-cct:2.3.3] AndroidManifest.xml:34:17-36
265        </service>
266        <service
266-->[com.google.android.datatransport:transport-runtime:2.2.6] AndroidManifest.xml:26:9-30:19
267            android:name="com.google.android.datatransport.runtime.scheduling.jobscheduling.JobInfoSchedulerService"
267-->[com.google.android.datatransport:transport-runtime:2.2.6] AndroidManifest.xml:27:13-117
268            android:exported="false"
268-->[com.google.android.datatransport:transport-runtime:2.2.6] AndroidManifest.xml:28:13-37
269            android:permission="android.permission.BIND_JOB_SERVICE" >
269-->[com.google.android.datatransport:transport-runtime:2.2.6] AndroidManifest.xml:29:13-69
270        </service>
271
272        <receiver